
**** Build of configuration Debug for project Lab4.2 ****

/Applications/ti/ccs930/ccs/utils/bin/gmake -k -j 3 all -O 
 
Building file: "../main.c"
Invoking: ARM Compiler
"/Applications/ti/ccs930/ccs/tools/compiler/ti-cgt-arm_18.12.4.LTS/bin/armcl" -mv7M4 --code_state=16 --float_support=FPv4SPD16 -me --include_path="/Applications/ti/ccs930/ccs/ccs_base/arm/include" --include_path="/Applications/ti/ccs930/ccs/ccs_base/arm/include/CMSIS" --include_path="/Users/jakecarlson/Documents/GitHub/EGR226_Jake_Carlson/Lab4.2" --include_path="/Applications/ti/ccs930/ccs/tools/compiler/ti-cgt-arm_18.12.4.LTS/include" --advice:power=all --define=__MSP432P401R__ --define=ccs -g --gcc --diag_warning=225 --diag_wrap=off --display_error_number --abi=eabi --preproc_with_compile --preproc_dependency="main.d_raw"  "../main.c"
 
>> Compilation failure
subdir_rules.mk:7: recipe for target 'main.obj' failed
"../main.c", line 61: error #128: expected a statement
"../main.c", line 28: warning #179-D: variable "i" was declared but never referenced
"../main.c", line 29: warning #179-D: variable "j" was declared but never referenced
"../main.c", line 74: remark #1527-D: (ULP 2.1) Detected SW delay loop using _delay_cycles. Recommend using a timer module instead
1 error detected in the compilation of "../main.c".
gmake: *** [main.obj] Error 1
gmake: Target 'all' not remade because of errors.

**** Build Finished ****
